
=== Wed Jan  8 15:07:14 2020

Packages were changed.
Update Mode: resetToDefaultDependencies

The following packages were added:
  com.unity.package-manager-ui@2.2.0
  com.unity.timeline@1.1.0
The following packages were updated:
  com.unity.test-framework from version 1.1.3 to 1.0.13
  com.unity.ide.vscode from version 1.1.3 to 1.1.2
  com.unity.ide.rider from version 1.1.4 to 1.1.0
The following packages were removed:
  com.unity.2d.sprite@1.0.0
  com.unity.2d.tilemap@1.0.0
  com.unity.analytics@3.3.4
  com.unity.purchasing@2.0.6
  com.unity.xr.arcore@3.1.0-preview.2
  com.unity.xr.arfoundation@3.1.0-preview.3
  com.unity.xr.arkit@3.1.0-preview.2
  com.unity.xr.arkit-face-tracking@3.1.0-preview.2
  com.unity.xr.legacyinputhelpers@2.0.6

=== Thu Jan 30 14:03:33 2020

Packages were changed.
Update Mode: updateDependencies

The following packages were updated:
  com.unity.ide.rider from version 1.1.0 to 1.1.4
  com.unity.ide.vscode from version 1.1.2 to 1.1.4
  com.unity.test-framework from version 1.0.13 to 1.1.9
  com.unity.timeline from version 1.1.0 to 1.2.10
  com.unity.xr.arcore from version 2.0.2 to 2.1.2
  com.unity.xr.arfoundation from version 2.0.2 to 2.1.4
  com.unity.xr.arkit from version 2.0.1 to 2.1.2
The following packages were removed:
  com.unity.package-manager-ui@2.2.0

=== Sat Mar 14 17:12:16 2020

Packages were changed.
Update Mode: updateDependencies

The following packages were updated:
  com.unity.test-framework from version 1.1.9 to 1.1.11
  com.unity.timeline from version 1.2.10 to 1.2.12

=== Sun Aug  9 00:03:32 2020

Packages were changed.
Update Mode: updateDependencies

The following packages were updated:
  com.unity.ide.vscode from version 1.1.4 to 1.2.1
  com.unity.test-framework from version 1.1.11 to 1.1.14
  com.unity.xr.arcore from version 2.1.2 to 2.1.8
  com.unity.xr.arfoundation from version 2.1.4 to 2.1.8
  com.unity.xr.arkit from version 2.1.2 to 2.1.9

=== Tue Feb  9 15:24:48 2021

Packages were changed.
Update Mode: updateDependencies

The following packages were added:
  com.unity.ide.visualstudio@2.0.5
The following packages were updated:
  com.unity.collab-proxy from version 1.2.16 to 1.3.9
  com.unity.ext.nunit from version 1.0.0 to 1.0.5
  com.unity.ide.rider from version 1.1.4 to 1.2.1
  com.unity.ide.vscode from version 1.2.1 to 1.2.3
  com.unity.quicksearch from version 1.5.2-preview.1 to 1.5.3
  com.unity.test-framework from version 1.1.14 to 1.1.19
  com.unity.textmeshpro from version 2.0.1 to 3.0.1
  com.unity.xr.arcore from version 2.1.8 to 3.1.8
  com.unity.xr.arfoundation from version 2.1.8 to 3.1.6
  com.unity.xr.arkit from version 2.1.9 to 3.1.8
